<?xml version="1.0" encoding="UTF-8"?>
<!-- Generated by org.testng.reporters.JUnitXMLReporter -->
<testsuite ignored="0" hostname="DESKTOP-6N7C94L" failures="1" tests="1" name="Surefire test" time="9.89" errors="0" timestamp="2024-10-24T23:00:41 IST">
  <testcase classname="com.tests.LoginTest" name="LoginLogout" time="2.01">
    <failure type="java.lang.NullPointerException" message="Cannot invoke &amp;quot;com.aventstack.extentreports.ExtentTest.info(String)&amp;quot; because &amp;quot;com.tests.LoginTest.test&amp;quot; is null">
      <![CDATA[java.lang.NullPointerException: Cannot invoke "com.aventstack.extentreports.ExtentTest.info(String)" because "com.tests.LoginTest.test" is null
at com.tests.LoginTest.LoginLogout(LoginTest.java:51)
at java.base/java.util.ArrayList.forEach(ArrayList.java:1596)
... Removed 30 stack frames]]>
    </failure>
  </testcase> <!-- LoginLogout -->
</testsuite> <!-- Surefire test -->
