<?xml version="1.0" encoding="UTF-8"?>
<!-- Generated by org.testng.reporters.JUnitXMLReporter -->
<testsuite ignored="0" hostname="DESKTOP-6N7C94L" failures="1" tests="1" name="Test" time="28.501" errors="0" timestamp="2024-10-22T18:53:51 IST">
  <testcase classname="com.tests.LoginTest" name="LoginLogout" time="21.041">
    <failure type="java.lang.AssertionError" message="Test failed due to exception: An element could not be located on the page using the given search parameters.
For documentation on this error, please visit: https://www.selenium.dev/documentation/webdriver/troubleshooting/errors#no-such-element-exception
Build info: version: &amp;apos;4.13.0&amp;apos;, revision: &amp;apos;ba948ece5b*&amp;apos;
System info: os.name: &amp;apos;Windows 11&amp;apos;, os.arch: &amp;apos;amd64&amp;apos;, os.version: &amp;apos;10.0&amp;apos;, java.version: &amp;apos;21.0.3&amp;apos;
Driver info: io.appium.java_client.android.AndroidDriver
Command: [46503ed6-6211-4cd2-ad71-e207e8c0a353, findElement {using=xpath, value=//android.widget.Button[@resource-id=&amp;quot;com.geotoll.egpsflex_android.dev:id/img_close&amp;quot;]}]
Capabilities {appium:appActivity: com.geotoll.egpsflex_androi..., appium:appPackage: com.geotoll.egpsflex_androi..., appium:autoGrantPermissions: true, appium:automationName: UiAutomator2, appium:databaseEnabled: false, appium:desired: {appActivity: com.geotoll.egpsflex_androi..., appPackage: com.geotoll.egpsflex_androi..., autoGrantPermissions: true, automationName: UiAutomator2, deviceName: ZD222JNNVH, platformName: ANDROID, platformVersion: 14.0}, appium:deviceApiLevel: 34, appium:deviceManufacturer: motorola, appium:deviceModel: moto g54 5G, appium:deviceName: ZD222JNNVH, appium:deviceScreenDensity: 400, appium:deviceScreenSize: 1080x2400, appium:deviceUDID: ZD222JNNVH, appium:javascriptEnabled: true, appium:locationContextEnabled: false, appium:networkConnectionEnabled: true, appium:pixelRatio: 2.5, appium:platformVersion: 14, appium:statBarHeight: 117, appium:takesScreenshot: true, appium:viewportRect: {height: 2283, left: 0, top: 117, width: 1080}, appium:warnings: {}, appium:webStorageEnabled: false, platformName: ANDROID}
Session ID: 46503ed6-6211-4cd2-ad71-e207e8c0a353">
      <![CDATA[java.lang.AssertionError: Test failed due to exception: An element could not be located on the page using the given search parameters.
For documentation on this error, please visit: https://www.selenium.dev/documentation/webdriver/troubleshooting/errors#no-such-element-exception
Build info: version: '4.13.0', revision: 'ba948ece5b*'
System info: os.name: 'Windows 11', os.arch: 'amd64', os.version: '10.0', java.version: '21.0.3'
Driver info: io.appium.java_client.android.AndroidDriver
Command: [46503ed6-6211-4cd2-ad71-e207e8c0a353, findElement {using=xpath, value=//android.widget.Button[@resource-id="com.geotoll.egpsflex_android.dev:id/img_close"]}]
Capabilities {appium:appActivity: com.geotoll.egpsflex_androi..., appium:appPackage: com.geotoll.egpsflex_androi..., appium:autoGrantPermissions: true, appium:automationName: UiAutomator2, appium:databaseEnabled: false, appium:desired: {appActivity: com.geotoll.egpsflex_androi..., appPackage: com.geotoll.egpsflex_androi..., autoGrantPermissions: true, automationName: UiAutomator2, deviceName: ZD222JNNVH, platformName: ANDROID, platformVersion: 14.0}, appium:deviceApiLevel: 34, appium:deviceManufacturer: motorola, appium:deviceModel: moto g54 5G, appium:deviceName: ZD222JNNVH, appium:deviceScreenDensity: 400, appium:deviceScreenSize: 1080x2400, appium:deviceUDID: ZD222JNNVH, appium:javascriptEnabled: true, appium:locationContextEnabled: false, appium:networkConnectionEnabled: true, appium:pixelRatio: 2.5, appium:platformVersion: 14, appium:statBarHeight: 117, appium:takesScreenshot: true, appium:viewportRect: {height: 2283, left: 0, top: 117, width: 1080}, appium:warnings: {}, appium:webStorageEnabled: false, platformName: ANDROID}
Session ID: 46503ed6-6211-4cd2-ad71-e207e8c0a353
at com.tests.LoginTest.LoginLogout(LoginTest.java:113)
at java.base/java.util.ArrayList.forEach(ArrayList.java:1596)
... Removed 26 stack frames]]>
    </failure>
  </testcase> <!-- LoginLogout -->
</testsuite> <!-- Test -->
