<?xml version="1.0" encoding="UTF-8"?>
<!-- Generated by org.testng.reporters.JUnitXMLReporter -->
<testsuite ignored="0" hostname="DESKTOP-6N7C94L" failures="1" tests="1" name="Test" time="48.074" errors="0" timestamp="2024-10-23T15:55:26 IST">
  <testcase classname="com.tests.MRO" name="Login" time="40.309">
    <failure type="java.lang.AssertionError" message="Test failed due to exception: The element &amp;apos;By.id: com.geotoll.egpsflex_android.dev:id/btn_retake&amp;apos; is not linked to the same object in DOM anymore
For documentation on this error, please visit: https://www.selenium.dev/documentation/webdriver/troubleshooting/errors#stale-element-reference-exception
Build info: version: &amp;apos;4.13.0&amp;apos;, revision: &amp;apos;ba948ece5b*&amp;apos;
System info: os.name: &amp;apos;Windows 11&amp;apos;, os.arch: &amp;apos;amd64&amp;apos;, os.version: &amp;apos;10.0&amp;apos;, java.version: &amp;apos;21.0.3&amp;apos;
Driver info: io.appium.java_client.android.AndroidDriver
Command: [a7c5c3e0-0058-4b29-bb7e-2b07c0d4419d, clickElement {id=00000000-0000-0788-ffff-ffff0000015a}]
Capabilities {appium:appActivity: com.geotoll.egpsflex_androi..., appium:appPackage: com.geotoll.egpsflex_androi..., appium:autoGrantPermissions: true, appium:automationName: UiAutomator2, appium:databaseEnabled: false, appium:desired: {appActivity: com.geotoll.egpsflex_androi..., appPackage: com.geotoll.egpsflex_androi..., autoGrantPermissions: true, automationName: UiAutomator2, deviceName: ZD222JNNVH, platformName: ANDROID, platformVersion: 14.0}, appium:deviceApiLevel: 34, appium:deviceManufacturer: motorola, appium:deviceModel: moto g54 5G, appium:deviceName: ZD222JNNVH, appium:deviceScreenDensity: 400, appium:deviceScreenSize: 1080x2400, appium:deviceUDID: ZD222JNNVH, appium:javascriptEnabled: true, appium:locationContextEnabled: false, appium:networkConnectionEnabled: true, appium:pixelRatio: 2.5, appium:platformVersion: 14, appium:statBarHeight: 117, appium:takesScreenshot: true, appium:viewportRect: {height: 2283, left: 0, top: 117, width: 1080}, appium:warnings: {}, appium:webStorageEnabled: false, platformName: ANDROID}
Element: [[AndroidDriver:  on ANDROID (a7c5c3e0-0058-4b29-bb7e-2b07c0d4419d)] -&amp;gt; id: com.geotoll.egpsflex_android.dev:id/btn_retake]
Session ID: a7c5c3e0-0058-4b29-bb7e-2b07c0d4419d">
      <![CDATA[java.lang.AssertionError: Test failed due to exception: The element 'By.id: com.geotoll.egpsflex_android.dev:id/btn_retake' is not linked to the same object in DOM anymore
For documentation on this error, please visit: https://www.selenium.dev/documentation/webdriver/troubleshooting/errors#stale-element-reference-exception
Build info: version: '4.13.0', revision: 'ba948ece5b*'
System info: os.name: 'Windows 11', os.arch: 'amd64', os.version: '10.0', java.version: '21.0.3'
Driver info: io.appium.java_client.android.AndroidDriver
Command: [a7c5c3e0-0058-4b29-bb7e-2b07c0d4419d, clickElement {id=00000000-0000-0788-ffff-ffff0000015a}]
Capabilities {appium:appActivity: com.geotoll.egpsflex_androi..., appium:appPackage: com.geotoll.egpsflex_androi..., appium:autoGrantPermissions: true, appium:automationName: UiAutomator2, appium:databaseEnabled: false, appium:desired: {appActivity: com.geotoll.egpsflex_androi..., appPackage: com.geotoll.egpsflex_androi..., autoGrantPermissions: true, automationName: UiAutomator2, deviceName: ZD222JNNVH, platformName: ANDROID, platformVersion: 14.0}, appium:deviceApiLevel: 34, appium:deviceManufacturer: motorola, appium:deviceModel: moto g54 5G, appium:deviceName: ZD222JNNVH, appium:deviceScreenDensity: 400, appium:deviceScreenSize: 1080x2400, appium:deviceUDID: ZD222JNNVH, appium:javascriptEnabled: true, appium:locationContextEnabled: false, appium:networkConnectionEnabled: true, appium:pixelRatio: 2.5, appium:platformVersion: 14, appium:statBarHeight: 117, appium:takesScreenshot: true, appium:viewportRect: {height: 2283, left: 0, top: 117, width: 1080}, appium:warnings: {}, appium:webStorageEnabled: false, platformName: ANDROID}
Element: [[AndroidDriver:  on ANDROID (a7c5c3e0-0058-4b29-bb7e-2b07c0d4419d)] -> id: com.geotoll.egpsflex_android.dev:id/btn_retake]
Session ID: a7c5c3e0-0058-4b29-bb7e-2b07c0d4419d
at com.tests.MRO.Login(MRO.java:170)
at java.base/java.util.ArrayList.forEach(ArrayList.java:1596)
... Removed 26 stack frames]]>
    </failure>
  </testcase> <!-- Login -->
</testsuite> <!-- Test -->
