<?xml version="1.0" encoding="UTF-8"?>
<testsuite xmlns:xsi="http://www.w3.org/2001/XMLSchema-instance" xsi:noNamespaceSchemaLocation="https://maven.apache.org/surefire/maven-surefire-plugin/xsd/surefire-test-report-3.0.xsd" version="3.0" name="TestSuite" time="206.316" tests="1" errors="0" skipped="0" failures="0">
  <properties>
[...]
</properties>
  <testcase name="NegPosDisWifiCombinedHamburgerSideMenuOption[udupaakshaya+QATest@gmail.com,  New@1234](1)" classname="com.tests.NegativeTestCases.NegPosDisWifiCombinedHamburgerMenuOptions" time="195.685">
    <system-out><![CDATA[-------- Started: GeoToll  Apk ----------
---------- Appium Driver has been set (Threadlocal) ----------
---------- Android Driver has been set in ThreadLocal ----------
Test started: NegPosDisWifiCombinedHamburgerSideMenuOption
Mobile Data & WiFI has been Enabled
Mobile Data & WiFI has been Disabled
Screen Size = (1080, 2400)

Midpoint: (540, 1200)
Midpoint x: 540
a: 270
Midpoint y: 1200
b: 600

Bottom: 1800
Top: 600
Right: 810
Left: 270
--------------------
Screenshot saved Successfully
Screenshot saved Successfully
Mobile Data & WiFI has been Enabled
Screenshot saved Successfully
1934
Mobile Data & WiFI has been Disabled
Screenshot saved Successfully
Element found: Privacy Policy
Web page not available
Screenshot saved Successfully
Mobile Data & WiFI has been Enabled
Screenshot saved Successfully
Element found: Privacy Policy
Mobile Data & WiFI has been Disabled
Screenshot saved Successfully
Screenshot saved Successfully
Mobile Data & WiFI has been Enabled
Screenshot saved Successfully
Screenshot saved Successfully
Mobile Data & WiFI has been Disabled
Screenshot saved Successfully
Screenshot saved Successfully
Mobile Data & WiFI has been Enabled
Test passed: NegPosDisWifiCombinedHamburgerSideMenuOption
Screenshot saved Successfully
]]></system-out>
    <system-err><![CDATA[SLF4J: No SLF4J providers were found.
SLF4J: Defaulting to no-operation (NOP) logger implementation
SLF4J: See https://www.slf4j.org/codes.html#noProviders for further details.
ERROR StatusLogger Log4j2 could not find a logging implementation. Please add log4j-core to the classpath. Using SimpleLogger to log to the console...
]]></system-err>
  </testcase>
</testsuite>