<?xml version="1.0" encoding="UTF-8"?>
<testng-results ignored="0" total="1" passed="1" failed="0" skipped="0">
  <reporter-output>
  </reporter-output>
  <suite started-at="2024-12-10T22:06:36 IST" name="Suite" finished-at="2024-12-10T22:12:46 IST" duration-ms="369754">
    <groups>
    </groups>
    <test started-at="2024-12-10T22:06:36 IST" name="Test" finished-at="2024-12-10T22:12:46 IST" duration-ms="369754">
      <class name="UpdatedTestCases.ModifiedOneNegDisWifiCombinedMRO">
        <test-method is-config="true" signature="setUp()[pri:0, instance:UpdatedTestCases.ModifiedOneNegDisWifiCombinedMRO@4f49f6af]" started-at="2024-12-10T22:06:37 IST" name="setUp" finished-at="2024-12-10T22:06:44 IST" duration-ms="6806" status="PASS">
          <reporter-output>
          </reporter-output>
        </test-method> <!-- setUp -->
        <test-method signature="ModifiedOneNegDisWifiCombinedMROMethod(java.lang.String,java.lang.String)[pri:0, instance:UpdatedTestCases.ModifiedOneNegDisWifiCombinedMRO@4f49f6af]" started-at="2024-12-10T22:06:44 IST" name="ModifiedOneNegDisWifiCombinedMROMethod" data-provider="MROData" finished-at="2024-12-10T22:12:45 IST" duration-ms="361077" status="PASS">
          <params>
            <param index="0">
              <value>
                <![CDATA[mayankkgarg0+stage.pilot@gmail.com]]>
              </value>
            </param>
            <param index="1">
              <value>
                <![CDATA[ New@12345]]>
              </value>
            </param>
          </params>
          <reporter-output>
          </reporter-output>
        </test-method> <!-- ModifiedOneNegDisWifiCombinedMROMethod -->
        <test-method is-config="true" signature="tearDown(org.testng.ITestResult)[pri:0, instance:UpdatedTestCases.ModifiedOneNegDisWifiCombinedMRO@4f49f6af]" started-at="2024-12-10T22:12:45 IST" name="tearDown" finished-at="2024-12-10T22:12:46 IST" duration-ms="416" status="PASS">
          <params>
            <param index="0">
              <value>
                <![CDATA[[TestResult name=ModifiedOneNegDisWifiCombinedMROMethod status=SUCCESS method=ModifiedOneNegDisWifiCombinedMRO.ModifiedOneNegDisWifiCombinedMROMethod(java.lang.String,java.lang.String)[pri:0, instance:UpdatedTestCases.ModifiedOneNegDisWifiCombinedMRO@4f49f6af] output={null}]]]>
              </value>
            </param>
          </params>
          <reporter-output>
          </reporter-output>
        </test-method> <!-- tearDown -->
      </class> <!-- UpdatedTestCases.ModifiedOneNegDisWifiCombinedMRO -->
    </test> <!-- Test -->
  </suite> <!-- Suite -->
</testng-results>
